<?xml version="1.0" encoding="UTF-8"?>
<testng-results ignored="0" total="1" passed="1" failed="0" skipped="0">
  <reporter-output>
  </reporter-output>
  <suite started-at="2024-04-17T14:26:52 IST" name="Default suite" finished-at="2024-04-17T14:27:14 IST" duration-ms="22290">
    <groups>
    </groups>
    <test started-at="2024-04-17T14:26:52 IST" name="Default test" finished-at="2024-04-17T14:27:14 IST" duration-ms="22290">
      <class name="authentication.auth20_coopsApi">
        <test-method signature="auth2_0()[pri:0, instance:authentication.auth20_coopsApi@41d477ed]" started-at="2024-04-17T14:26:52 IST" name="auth2_0" finished-at="2024-04-17T14:27:14 IST" duration-ms="21917" status="PASS">
          <reporter-output>
          </reporter-output>
        </test-method> <!-- auth2_0 -->
      </class> <!-- authentication.auth20_coopsApi -->
    </test> <!-- Default test -->
  </suite> <!-- Default suite -->
</testng-results>
